<?xml version="1.0" encoding="UTF-8"?>
<!-- Generated by org.testng.reporters.JUnitReportReporter -->
<testsuite hostname="DESKTOP-GPS7AVV" failures="0" tests="1" name="com.friendsurance.tests.EndtoEnd_TC1" time="17.928" errors="0" timestamp="26 May 2019 19:03:30 GMT" skipped="0">
  <testcase classname="com.friendsurance.tests.EndtoEnd_TC1" name="endtoEnd_TC1" time="17.928"/>
</testsuite> <!-- com.friendsurance.tests.EndtoEnd_TC1 -->
