<?xml version="1.0" encoding="UTF-8"?>
<!-- Generated by org.testng.reporters.JUnitReportReporter -->
<testsuite hostname="DESKTOP-GPS7AVV" failures="0" tests="1" name="com.friendsurance.tests.UserChangeCredentials_Test" time="8.998" errors="0" timestamp="26 May 2019 19:03:30 GMT" skipped="0">
  <testcase classname="com.friendsurance.tests.UserChangeCredentials_Test" name="changePassword" time="8.998"/>
</testsuite> <!-- com.friendsurance.tests.UserChangeCredentials_Test -->
