<?xml version="1.0" encoding="UTF-8"?>
<!-- Generated by org.testng.reporters.JUnitReportReporter -->
<testsuite hostname="DESKTOP-GPS7AVV" failures="0" tests="1" name="com.friendsurance.tests.FirstTest" time="13.445" errors="0" timestamp="25 May 2019 08:02:38 GMT" skipped="0">
  <testcase classname="com.friendsurance.tests.FirstTest" name="f" time="13.445"/>
</testsuite> <!-- com.friendsurance.tests.FirstTest -->
